p/p101.png 1 0 0 160 120
p/p100.png 1 0 0 160 120
p/p99.png 1 0 0 160 120
p/p98.png 1 0 0 160 120
p/p97.png 1 0 0 160 120
p/p96.png 1 0 0 160 120
p/p95.png 1 0 0 160 120
p/p94.png 1 0 0 160 120
p/p93.png 1 0 0 160 120
p/p92.png 1 0 0 160 120
p/p91.png 1 0 0 160 120
p/p90.png 1 0 0 160 120
p/p89.png 1 0 0 160 120
p/p88.png 1 0 0 160 120
p/p87.png 1 0 0 160 120
p/p86.png 1 0 0 160 120
p/p85.png 1 0 0 160 120
p/p84.png 1 0 0 160 120
p/p83.png 1 0 0 160 120
p/p82.png 1 0 0 160 120
p/p81.png 1 0 0 160 120
p/p80.png 1 0 0 160 120
p/p79.png 1 0 0 160 120
p/p78.png 1 0 0 160 120
p/p77.png 1 0 0 160 120
p/p76.png 1 0 0 160 120
p/p75.png 1 0 0 160 120
p/p74.png 1 0 0 160 120
p/p73.png 1 0 0 160 120
p/p72.png 1 0 0 160 120
p/p71.png 1 0 0 160 120
p/p70.png 1 0 0 160 120
p/p69.png 1 0 0 160 120
p/p68.png 1 0 0 160 120
p/p67.png 1 0 0 160 120
p/p66.png 1 0 0 160 120
p/p65.png 1 0 0 160 120
p/p64.png 1 0 0 160 120
p/p63.png 1 0 0 160 120
p/p62.png 1 0 0 160 120
p/p61.png 1 0 0 160 120
p/p60.png 1 0 0 160 120
p/p59.png 1 0 0 160 120
p/p58.png 1 0 0 160 120
p/p57.png 1 0 0 160 120
p/p56.png 1 0 0 160 120
p/p55.png 1 0 0 160 120
p/p54.png 1 0 0 160 120
p/p53.png 1 0 0 160 120
p/p52.png 1 0 0 160 120
p/p51.png 1 0 0 160 120
p/p50.png 1 0 0 160 120
p/p49.png 1 0 0 160 120
p/p48.png 1 0 0 160 120
p/p47.png 1 0 0 160 120
p/p46.png 1 0 0 160 120
p/p45.png 1 0 0 160 120
p/p44.png 1 0 0 160 120
p/p43.png 1 0 0 160 120
p/p42.png 1 0 0 160 120
p/p41.png 1 0 0 160 120
p/p40.png 1 0 0 160 120
p/p39.png 1 0 0 160 120
p/p38.png 1 0 0 160 120
p/p37.png 1 0 0 160 120
p/p36.png 1 0 0 160 120
p/p35.png 1 0 0 160 120
p/p34.png 1 0 0 160 120
p/p33.png 1 0 0 160 120
p/p32.png 1 0 0 160 120
p/p31.png 1 0 0 160 120
p/p30.png 1 0 0 160 120
p/p29.png 1 0 0 160 120
p/p28.png 1 0 0 160 120
p/p27.png 1 0 0 160 120
p/p26.png 1 0 0 160 120
p/p25.png 1 0 0 160 120
p/p24.png 1 0 0 160 120
p/p23.png 1 0 0 160 120
p/p22.png 1 0 0 160 120
p/p21.png 1 0 0 160 120
p/p20.png 1 0 0 160 120
p/p19.png 1 0 0 160 120
p/p18.png 1 0 0 160 120
p/p17.png 1 0 0 160 120
p/p16.png 1 0 0 160 120
p/p15.png 1 0 0 160 120
p/p14.png 1 0 0 160 120
p/p13.png 1 0 0 160 120
p/p12.png 1 0 0 160 120
p/p11.png 1 0 0 160 120
p/p10.png 1 0 0 160 120
p/p9.png 1 0 0 160 120
p/p8.png 1 0 0 160 120
p/p7.png 1 0 0 160 120
p/p6.png 1 0 0 160 120
p/p5.png 1 0 0 160 120
p/p4.png 1 0 0 160 120
p/p3.png 1 0 0 160 120
p/p2.png 1 0 0 160 120
p/p1.png 1 0 0 160 120